# JRE version: Java(TM) SE Runtime Environment 18.9 (11.0.11+9) (build 11.0.11+9-LTS-194)
# Java VM: Java HotSpot(TM) 64-Bit Server VM 18.9 (11.0.11+9-LTS-194, mixed mode, tiered, compressed oops, g1 gc, windows-amd64)
Heap:
 garbage-first heap   total 68608K, used 52651K [0x00000000c0800000, 0x0000000100000000)
  region size 1024K, 15 young (15360K), 1 survivors (1024K)
 Metaspace       used 61035K, capacity 64149K, committed 64284K, reserved 1103872K
  class space    used 7894K, capacity 9080K, committed 9164K, reserved 1048576K
GC Heap History (10 events):
Event: 257.444 GC heap before
{Heap before GC invocations=98 (full 12):
 garbage-first heap   total 68608K, used 57790K [0x00000000c0800000, 0x0000000100000000)
  region size 1024K, 19 young (19456K), 1 survivors (1024K)
 Metaspace       used 61017K, capacity 64075K, committed 64284K, reserved 1103872K
  class space    used 7892K, capacity 9078K, committed 9164K, reserved 1048576K
}
Event: 257.447 GC heap after
{Heap after GC invocations=99 (full 12):
 garbage-first heap   total 68608K, used 40693K [0x00000000c0800000, 0x0000000100000000)
  region size 1024K, 2 young (2048K), 2 survivors (2048K)
 Metaspace       used 61017K, capacity 64075K, committed 64284K, reserved 1103872K
  class space    used 7892K, capacity 9078K, committed 9164K, reserved 1048576K
}
Event: 257.601 GC heap before
{Heap before GC invocations=100 (full 12):
 garbage-first heap   total 68608K, used 58101K [0x00000000c0800000, 0x0000000100000000)
  region size 1024K, 19 young (19456K), 2 survivors (2048K)
 Metaspace       used 61035K, capacity 64149K, committed 64284K, reserved 1103872K
  class space    used 7894K, capacity 9080K, committed 9164K, reserved 1048576K
}
Event: 257.605 GC heap after
{Heap after GC invocations=101 (full 12):
 garbage-first heap   total 68608K, used 41178K [0x00000000c0800000, 0x0000000100000000)
  region size 1024K, 2 young (2048K), 2 survivors (2048K)
 Metaspace       used 61035K, capacity 64149K, committed 64284K, reserved 1103872K
  class space    used 7894K, capacity 9080K, committed 9164K, reserved 1048576K
}
Event: 257.608 GC heap before
{Heap before GC invocations=101 (full 12):
 garbage-first heap   total 68608K, used 42202K [0x00000000c0800000, 0x0000000100000000)
  region size 1024K, 4 young (4096K), 2 survivors (2048K)
 Metaspace       used 61035K, capacity 64149K, committed 64284K, reserved 1103872K
  class space    used 7894K, capacity 9080K, committed 9164K, reserved 1048576K
}
Event: 257.611 GC heap after
{Heap after GC invocations=102 (full 12):
 garbage-first heap   total 68608K, used 40480K [0x00000000c0800000, 0x0000000100000000)
  region size 1024K, 1 young (1024K), 1 survivors (1024K)
 Metaspace       used 61035K, capacity 64149K, committed 64284K, reserved 1103872K
  class space    used 7894K, capacity 9080K, committed 9164K, reserved 1048576K
}
Event: 257.616 GC heap before
{Heap before GC invocations=102 (full 12):
 garbage-first heap   total 68608K, used 55840K [0x00000000c0800000, 0x0000000100000000)
  region size 1024K, 17 young (17408K), 1 survivors (1024K)
 Metaspace       used 61035K, capacity 64149K, committed 64284K, reserved 1103872K
  class space    used 7894K, capacity 9080K, committed 9164K, reserved 1048576K
}
Event: 257.617 GC heap after
{Heap after GC invocations=103 (full 12):
 garbage-first heap   total 68608K, used 40399K [0x00000000c0800000, 0x0000000100000000)
  region size 1024K, 1 young (1024K), 1 survivors (1024K)
 Metaspace       used 61035K, capacity 64149K, committed 64284K, reserved 1103872K
  class space    used 7894K, capacity 9080K, committed 9164K, reserved 1048576K
}
Event: 257.621 GC heap before
{Heap before GC invocations=103 (full 12):
 garbage-first heap   total 68608K, used 55759K [0x00000000c0800000, 0x0000000100000000)
  region size 1024K, 17 young (17408K), 1 survivors (1024K)
 Metaspace       used 61035K, capacity 64149K, committed 64284K, reserved 1103872K
  class space    used 7894K, capacity 9080K, committed 9164K, reserved 1048576K
}
Event: 257.621 GC heap after
{Heap after GC invocations=104 (full 12):
 garbage-first heap   total 68608K, used 40363K [0x00000000c0800000, 0x0000000100000000)
  region size 1024K, 1 young (1024K), 1 survivors (1024K)
 Metaspace       used 61035K, capacity 64149K, committed 64284K, reserved 1103872K
  class space    used 7894K, capacity 9080K, committed 9164K, reserved 1048576K
}

